<?xml version="1.0" encoding="UTF-8"?>
<!-- Generated by org.testng.reporters.JUnitReportReporter -->
<testsuite hostname="D-284000547" failures="0" tests="1" name="test.Day2" time="0.003" errors="0" timestamp="01 Feb 2019 05:51:55 GMT" skipped="0">
  <testcase classname="test.Day2" name="day2test1" time="0.003"/>
</testsuite> <!-- test.Day2 -->
