<?xml version="1.0" encoding="UTF-8"?>
<!-- Generated by org.testng.reporters.JUnitReportReporter -->
<testsuite hostname="D-284000547" failures="0" tests="1" name="test.Day1" time="0.000" errors="0" timestamp="01 Feb 2019 06:28:45 GMT" skipped="0">
  <testcase classname="test.Day1" name="day1test1" time="0.000"/>
</testsuite> <!-- test.Day1 -->
