<?xml version="1.0" encoding="UTF-8"?>
<!-- Generated by org.testng.reporters.JUnitReportReporter -->
<testsuite hostname="D-284000547" failures="0" tests="3" name="test.Day4" time="0.031" errors="0" timestamp="01 Feb 2019 06:32:27 GMT" skipped="0">
  <testcase classname="test.Day4" name="webloginhomeloan" time="0.015"/>
  <testcase classname="test.Day4" name="APIloginhomeloan" time="0.016"/>
  <testcase classname="test.Day4" name="mobileloginhomeloan" time="0.000"/>
</testsuite> <!-- test.Day4 -->
