<?xml version="1.0" encoding="UTF-8"?>
<!-- Generated by org.testng.reporters.JUnitReportReporter -->
<testsuite hostname="D-284000547" failures="0" tests="3" name="test.Day3" time="0.015" errors="0" timestamp="01 Feb 2019 06:30:42 GMT" skipped="0">
  <testcase classname="test.Day3" name="mobilelogincarloan" time="0.000"/>
  <testcase classname="test.Day3" name="weblogincarloan" time="0.000"/>
  <testcase classname="test.Day3" name="APIlogincarloan" time="0.015"/>
</testsuite> <!-- test.Day3 -->
